<?xml version="1.0" encoding="UTF-8" ?>
<testsuite tests="13" failures="0" name="com.blackpixel.cucumber.CukesRunnerTest" time="0.004" errors="0" skipped="4">
  <properties>
    <property name="java.runtime.name" value="Java(TM) SE Runtime Environment"/>
    <property name="sun.boot.library.path" value="C:\Java\jdk1.8.0_111\jre\bin"/>
    <property name="java.vm.version" value="25.111-b14"/>
    <property name="java.vm.vendor" value="Oracle Corporation"/>
    <property name="maven.multiModuleProjectDirectory" value="C:\Users\Nick Todd\Dropbox\Conygre\BDD\cucumber_start"/>
    <property name="java.vendor.url" value="http://java.oracle.com/"/>
    <property name="path.separator" value=";"/>
    <property name="guice.disable.misplaced.annotation.check" value="true"/>
    <property name="java.vm.name" value="Java HotSpot(TM) 64-Bit Server VM"/>
    <property name="file.encoding.pkg" value="sun.io"/>
    <property name="user.script" value=""/>
    <property name="user.country" value="GB"/>
    <property name="sun.java.launcher" value="SUN_STANDARD"/>
    <property name="sun.os.patch.level" value=""/>
    <property name="java.vm.specification.name" value="Java Virtual Machine Specification"/>
    <property name="user.dir" value="C:\Users\Nick Todd\Dropbox\Conygre\BDD\cucumber_start"/>
    <property name="java.runtime.version" value="1.8.0_111-b14"/>
    <property name="java.awt.graphicsenv" value="sun.awt.Win32GraphicsEnvironment"/>
    <property name="java.endorsed.dirs" value="C:\Java\jdk1.8.0_111\jre\lib\endorsed"/>
    <property name="os.arch" value="amd64"/>
    <property name="java.io.tmpdir" value="C:\Users\NICKTO~1\AppData\Local\Temp\"/>
    <property name="line.separator" value="
"/>
    <property name="java.vm.specification.vendor" value="Oracle Corporation"/>
    <property name="user.variant" value=""/>
    <property name="os.name" value="Windows 10"/>
    <property name="classworlds.conf" value="C:\Users\Nick Todd\Dropbox\Conygre\TDD\Demos\workspace\.metadata\.plugins\org.eclipse.m2e.launching\launches\m2conf9149112392397049633.tmp"/>
    <property name="sun.jnu.encoding" value="Cp1252"/>
    <property name="java.library.path" value="C:\Java\jdk1.8.0_111\bin;C:\WINDOWS\Sun\Java\bin;C:\WINDOWS\system32;C:\WINDOWS;C:/Java/jdk1.8.0_111/bin/../jre/bin/server;C:/Java/jdk1.8.0_111/bin/../jre/bin;C:/Java/jdk1.8.0_111/bin/../jre/lib/amd64;C:\Java\jdk1.8.0_111\bin;C:\ProgramData\Oracle\Java\javapath;C:\WINDOWS\system32;C:\WINDOWS;C:\WINDOWS\System32\Wbem;C:\WINDOWS\System32\WindowsPowerShell\v1.0\;C:\Users\Nick Todd\.dnx\bin;C:\Program Files\Microsoft DNX\Dnvm\;C:\Program Files (x86)\Skype\Phone\;C:\Program Files\Microsoft SQL Server\130\Tools\Binn\;C:\Program Files\Microsoft SQL Server\Client SDK\ODBC\110\Tools\Binn\;C:\Program Files (x86)\Microsoft SQL Server\120\Tools\Binn\;C:\Program Files\Microsoft SQL Server\120\Tools\Binn\;C:\Program Files\Microsoft SQL Server\120\DTS\Binn\;C:\Program Files (x86)\Microsoft SQL Server\120\Tools\Binn\ManagementStudio\;C:\Program Files (x86)\Microsoft SQL Server\120\DTS\Binn\;C:\Program Files (x86)\Google\Google Apps Sync\;C:\Program Files (x86)\Google\Google Apps Migration\;C:\Program Files\MySQL\MySQL Utilities 1.6\;C:\Program Files\Amazon\AWSCLI\;C:\Program Files\nodejs\;C:\Users\Nick Todd\AppData\Local\Programs\Python\Python35\Scripts\;C:\Users\Nick Todd\AppData\Local\Programs\Python\Python35\;C:\Users\Nick Todd\AppData\Local\Microsoft\WindowsApps;C:\Users\Nick Todd\AppData\Roaming\Python\Python35\Scripts;C:\Users\Nick Todd\AppData\Roaming\npm;C:\Java\gradle-3.4-bin\gradle-3.4\bin;C:\Java\spring-tool-suite-3.8.2.RELEASE-e4.6.1-win32-x86_64\sts-bundle\sts-3.8.2.RELEASE;;."/>
    <property name="java.specification.name" value="Java Platform API Specification"/>
    <property name="java.class.version" value="52.0"/>
    <property name="sun.management.compiler" value="HotSpot 64-Bit Tiered Compilers"/>
    <property name="os.version" value="10.0"/>
    <property name="user.home" value="C:\Users\Nick Todd"/>
    <property name="user.timezone" value="Europe/London"/>
    <property name="java.awt.printerjob" value="sun.awt.windows.WPrinterJob"/>
    <property name="java.specification.version" value="1.8"/>
    <property name="file.encoding" value="Cp1252"/>
    <property name="user.name" value="Nick Todd"/>
    <property name="java.class.path" value="/C:/Java/spring-tool-suite-3.8.2.RELEASE-e4.6.1-win32-x86_64/sts-bundle/sts-3.8.2.RELEASE/plugins/org.eclipse.m2e.maven.runtime_1.7.0.20160603-1931/jars/plexus-classworlds-2.5.2.jar"/>
    <property name="java.vm.specification.version" value="1.8"/>
    <property name="sun.arch.data.model" value="64"/>
    <property name="java.home" value="C:\Java\jdk1.8.0_111\jre"/>
    <property name="sun.java.command" value="org.codehaus.plexus.classworlds.launcher.Launcher -B test"/>
    <property name="java.specification.vendor" value="Oracle Corporation"/>
    <property name="user.language" value="en"/>
    <property name="awt.toolkit" value="sun.awt.windows.WToolkit"/>
    <property name="java.vm.info" value="mixed mode"/>
    <property name="java.version" value="1.8.0_111"/>
    <property name="java.ext.dirs" value="C:\Java\jdk1.8.0_111\jre\lib\ext;C:\WINDOWS\Sun\Java\lib\ext"/>
    <property name="sun.boot.class.path" value="C:\Java\jdk1.8.0_111\jre\lib\resources.jar;C:\Java\jdk1.8.0_111\jre\lib\rt.jar;C:\Java\jdk1.8.0_111\jre\lib\sunrsasign.jar;C:\Java\jdk1.8.0_111\jre\lib\jsse.jar;C:\Java\jdk1.8.0_111\jre\lib\jce.jar;C:\Java\jdk1.8.0_111\jre\lib\charsets.jar;C:\Java\jdk1.8.0_111\jre\lib\jfr.jar;C:\Java\jdk1.8.0_111\jre\classes"/>
    <property name="java.vendor" value="Oracle Corporation"/>
    <property name="maven.home" value="C:\Users\Nick Todd\Dropbox\Conygre\BDD\cucumber_start\EMBEDDED"/>
    <property name="file.separator" value="\"/>
    <property name="java.vendor.url.bug" value="http://bugreport.sun.com/bugreport/"/>
    <property name="sun.cpu.endian" value="little"/>
    <property name="sun.io.unicode.encoding" value="UnicodeLittle"/>
    <property name="sun.desktop" value="windows"/>
    <property name="sun.cpu.isalist" value="amd64"/>
  </properties>
  <testcase classname="Scenario: Depositing money into User&apos;s account should add money to the User&apos;s current balance" name="Given a User has no money in their account" time="0.003"/>
  <testcase classname="Scenario: Depositing money into User&apos;s account should add money to the User&apos;s current balance" name="When £100 is deposited into the account" time="0"/>
  <testcase classname="Scenario: Depositing money into User&apos;s account should add money to the User&apos;s current balance" name="Then the balance should be £100" time="0"/>
  <testcase classname="Scenario: Depositing money into User&apos;s account should add money to the User&apos;s current balance" name="Scenario: Depositing money into User&apos;s account should add money to the User&apos;s current balance" time="0.001"/>
  <testcase classname="Scenario: Depositing money into User&apos;s account should add money to the User&apos;s current balance" name="Given a User has no money in their account" time="0"/>
  <testcase classname="Scenario: Depositing money into User&apos;s account should add money to the User&apos;s current balance" name="When £50 is deposited into the account" time="0"/>
  <testcase classname="Scenario: Depositing money into User&apos;s account should add money to the User&apos;s current balance" name="Then the balance should be £50" time="0"/>
  <testcase classname="Scenario: Depositing money into User&apos;s account should add money to the User&apos;s current balance" name="Scenario: Depositing money into User&apos;s account should add money to the User&apos;s current balance" time="0"/>
  <testcase classname="Scenario: Hire a car model that is available" name="Given a Ford Focus is available" time="0">
    <skipped/>
    <system-out>
  Scenario: Depositing money into User&apos;s account should add money to the User&apos;s current balance &amp;#27;[90m# com/blackpixel/cucumber/deposit.feature:10&amp;#27;[0m
    &amp;#27;[32mGiven &amp;#27;[0m&amp;#27;[32ma User has no money in their account&amp;#27;[0m                                                  &amp;#27;[90m# DepositStep.a_User_has_no_money_in_their_current_account()&amp;#27;[0m
    &amp;#27;[32mWhen &amp;#27;[0m&amp;#27;[32m£&amp;#27;[0m&amp;#27;[32m&amp;#27;[1m50&amp;#27;[0m&amp;#27;[32m is deposited into the account&amp;#27;[0m                                                      &amp;#27;[90m# DepositStep.£_is_deposited_into_the_account(int)&amp;#27;[0m
    &amp;#27;[32mThen &amp;#27;[0m&amp;#27;[32mthe balance should be £&amp;#27;[0m&amp;#27;[32m&amp;#27;[1m50&amp;#27;[0m                                                              &amp;#27;[90m# DepositStep.the_balance_should_be_£(int)&amp;#27;[0m
@HireCar
Feature: As a foreign business person I want to hire a car so that I
  can drive places when I am away on business
</system-out>
  </testcase>
  <testcase classname="Scenario: Hire a car model that is available" name="When I select a Ford Focus" time="0">
    <skipped/>
  </testcase>
  <testcase classname="Scenario: Hire a car model that is available" name="Then I should be informed that it is available" time="0">
    <skipped/>
  </testcase>
  <testcase classname="Scenario: Hire a car model that is available" name="Scenario: Hire a car model that is available" time="0">
    <skipped/>
  </testcase>
  <testcase classname="Scenario: Hire a car model that is available" name="Scenario: Hire a car model that is available" time="0"/>
</testsuite>